[ 2018-02-02T20:54:46+08:00 ] 127.0.0.1 /Admin/Goods/index.html
INFO: [ app_init ] --START--
INFO: Run Behavior\BuildLiteBehavior [ RunTime:0.000015s ]
INFO: [ app_init ] --END-- [ RunTime:0.000602s ]
INFO: [ app_begin ] --START--
INFO: Run Behavior\ReadHtmlCacheBehavior [ RunTime:0.000926s ]
INFO: [ app_begin ] --END-- [ RunTime:0.000991s ]
NOTIC: [2048] Declaration of Admin\Model\GoodsInfoModel::_after_update() should be compatible with Think\Model::_after_update($data, $options) D:\phpStudy\WWW\tpshop\APP13\Admin\Model\GoodsInfoModel.class.php 第 5 行.
SQL: SELECT COUNT(*) AS tp_count FROM `tp_goods_info` LIMIT 1   [ RunTime:0.0006s ]
SQL: SELECT `goods_id`,`goods_name`,`goods_price`,`goods_number`,`goods_weight`,`goods_desc`,`brand_id`,`cate_id`,`goods_logo_src`,`goods_logo_thumb`,`sale_time`,`created_at`,`updated_at`,`sort`,`sale_number`,`market_price` FROM `tp_goods_info` WHERE `deleted_at` = 0 ORDER BY sort asc,goods_id desc LIMIT 0,4   [ RunTime:0.0010s ]
INFO: [ view_parse ] --START--
INFO: [ template_filter ] --START--
INFO: Run Behavior\ContentReplaceBehavior [ RunTime:0.000129s ]
INFO: [ template_filter ] --END-- [ RunTime:0.000211s ]
INFO: Run Behavior\ParseTemplateBehavior [ RunTime:0.043743s ]
INFO: [ view_parse ] --END-- [ RunTime:0.043819s ]
INFO: [ view_filter ] --START--
INFO: Run Behavior\WriteHtmlCacheBehavior [ RunTime:0.000941s ]
INFO: [ view_filter ] --END-- [ RunTime:0.001022s ]
INFO: [ app_end ] --START--
INFO: Run Behavior\ShowPageTraceBehavior [ RunTime:0.001315s ]
INFO: [ app_end ] --END-- [ RunTime:0.001410s ]

[ 2018-02-02T20:54:57+08:00 ] 127.0.0.1 /index.php/Admin/Goods/pics/id/4.html
INFO: [ app_init ] --START--
INFO: Run Behavior\BuildLiteBehavior [ RunTime:0.000013s ]
INFO: [ app_init ] --END-- [ RunTime:0.000596s ]
INFO: [ app_begin ] --START--
INFO: Run Behavior\ReadHtmlCacheBehavior [ RunTime:0.001331s ]
INFO: [ app_begin ] --END-- [ RunTime:0.001413s ]
NOTIC: [2048] Declaration of Admin\Model\GoodsInfoModel::_after_update() should be compatible with Think\Model::_after_update($data, $options) D:\phpStudy\WWW\tpshop\APP13\Admin\Model\GoodsInfoModel.class.php 第 5 行.
SQL: SELECT * FROM `tp_goods_info` WHERE `goods_id` = 4 LIMIT 1   [ RunTime:0.0008s ]
SQL: SELECT * FROM `tp_goods_pics` WHERE `goods_id` = 4  [ RunTime:0.0005s ]
INFO: [ view_parse ] --START--
INFO: [ template_filter ] --START--
INFO: Run Behavior\ContentReplaceBehavior [ RunTime:0.000096s ]
INFO: [ template_filter ] --END-- [ RunTime:0.000155s ]
INFO: Run Behavior\ParseTemplateBehavior [ RunTime:0.033887s ]
INFO: [ view_parse ] --END-- [ RunTime:0.033977s ]
INFO: [ view_filter ] --START--
INFO: Run Behavior\WriteHtmlCacheBehavior [ RunTime:0.000874s ]
INFO: [ view_filter ] --END-- [ RunTime:0.000945s ]
INFO: [ app_end ] --START--
INFO: Run Behavior\ShowPageTraceBehavior [ RunTime:0.001055s ]
INFO: [ app_end ] --END-- [ RunTime:0.001108s ]

[ 2018-02-02T20:55:01+08:00 ] 127.0.0.1 /index.php/Admin/Goods/index.html
INFO: [ app_init ] --START--
INFO: Run Behavior\BuildLiteBehavior [ RunTime:0.000014s ]
INFO: [ app_init ] --END-- [ RunTime:0.000573s ]
INFO: [ app_begin ] --START--
INFO: Run Behavior\ReadHtmlCacheBehavior [ RunTime:0.000833s ]
INFO: [ app_begin ] --END-- [ RunTime:0.000886s ]
NOTIC: [2048] Declaration of Admin\Model\GoodsInfoModel::_after_update() should be compatible with Think\Model::_after_update($data, $options) D:\phpStudy\WWW\tpshop\APP13\Admin\Model\GoodsInfoModel.class.php 第 5 行.
SQL: SELECT COUNT(*) AS tp_count FROM `tp_goods_info` LIMIT 1   [ RunTime:0.0004s ]
SQL: SELECT `goods_id`,`goods_name`,`goods_price`,`goods_number`,`goods_weight`,`goods_desc`,`brand_id`,`cate_id`,`goods_logo_src`,`goods_logo_thumb`,`sale_time`,`created_at`,`updated_at`,`sort`,`sale_number`,`market_price` FROM `tp_goods_info` WHERE `deleted_at` = 0 ORDER BY sort asc,goods_id desc LIMIT 0,4   [ RunTime:0.0009s ]
INFO: [ view_parse ] --START--
INFO: [ template_filter ] --START--
INFO: Run Behavior\ContentReplaceBehavior [ RunTime:0.000085s ]
INFO: [ template_filter ] --END-- [ RunTime:0.000141s ]
INFO: Run Behavior\ParseTemplateBehavior [ RunTime:0.011121s ]
INFO: [ view_parse ] --END-- [ RunTime:0.011214s ]
INFO: [ view_filter ] --START--
INFO: Run Behavior\WriteHtmlCacheBehavior [ RunTime:0.001010s ]
INFO: [ view_filter ] --END-- [ RunTime:0.001060s ]
INFO: [ app_end ] --START--
INFO: Run Behavior\ShowPageTraceBehavior [ RunTime:0.001113s ]
INFO: [ app_end ] --END-- [ RunTime:0.001194s ]

[ 2018-02-02T20:55:03+08:00 ] 127.0.0.1 /index.php/Admin/Index/index.html
INFO: [ app_init ] --START--
INFO: Run Behavior\BuildLiteBehavior [ RunTime:0.000018s ]
INFO: [ app_init ] --END-- [ RunTime:0.000676s ]
INFO: [ app_begin ] --START--
INFO: Run Behavior\ReadHtmlCacheBehavior [ RunTime:0.001301s ]
INFO: [ app_begin ] --END-- [ RunTime:0.001409s ]
INFO: [ view_parse ] --START--
INFO: [ template_filter ] --START--
INFO: Run Behavior\ContentReplaceBehavior [ RunTime:0.000045s ]
INFO: [ template_filter ] --END-- [ RunTime:0.000117s ]
INFO: Run Behavior\ParseTemplateBehavior [ RunTime:0.078774s ]
INFO: [ view_parse ] --END-- [ RunTime:0.078857s ]
INFO: [ view_filter ] --START--
INFO: Run Behavior\WriteHtmlCacheBehavior [ RunTime:0.000830s ]
INFO: [ view_filter ] --END-- [ RunTime:0.000889s ]
INFO: [ app_end ] --START--
INFO: Run Behavior\ShowPageTraceBehavior [ RunTime:0.001028s ]
INFO: [ app_end ] --END-- [ RunTime:0.001089s ]

[ 2018-02-02T20:55:03+08:00 ] 127.0.0.1 /index.php/Admin/Index/left.html
INFO: [ app_init ] --START--
INFO: Run Behavior\BuildLiteBehavior [ RunTime:0.000018s ]
INFO: [ app_init ] --END-- [ RunTime:0.000788s ]
INFO: [ app_begin ] --START--
INFO: Run Behavior\ReadHtmlCacheBehavior [ RunTime:0.001559s ]
INFO: [ app_begin ] --END-- [ RunTime:0.001665s ]
SQL: SELECT * FROM `tp_role` WHERE `role_id` = null LIMIT 1   [ RunTime:0.0006s ]
NOTIC: [2] implode(): Invalid arguments passed D:\phpStudy\WWW\tpshop\ThinkPHP\Library\Think\Db\Driver.class.php 第 578 行.
ERR: 1064:You have an error in your SQL syntax; check the manual that corresponds to your MySQL server version for the right syntax to use near ') AND `auth_pid` = 0 AND `is_menu` = 1' at line 1
 [ SQL语句 ] : SELECT * FROM `tp_auth` WHERE `auth_id` IN () AND `auth_pid` = 0 AND `is_menu` = 1 
ERR: 1064:You have an error in your SQL syntax; check the manual that corresponds to your MySQL server version for the right syntax to use near ') AND `auth_pid` = 0 AND `is_menu` = 1' at line 1
 [ SQL语句 ] : SELECT * FROM `tp_auth` WHERE `auth_id` IN () AND `auth_pid` = 0 AND `is_menu` = 1 

[ 2018-02-02T20:55:03+08:00 ] 127.0.0.1 /index.php/Admin/Index/main.html
INFO: [ app_init ] --START--
INFO: Run Behavior\BuildLiteBehavior [ RunTime:0.000019s ]
INFO: [ app_init ] --END-- [ RunTime:0.000750s ]
INFO: [ app_begin ] --START--
INFO: Run Behavior\ReadHtmlCacheBehavior [ RunTime:0.001437s ]
INFO: [ app_begin ] --END-- [ RunTime:0.001575s ]
INFO: [ view_parse ] --START--
INFO: [ template_filter ] --START--
INFO: Run Behavior\ContentReplaceBehavior [ RunTime:0.000086s ]
INFO: [ template_filter ] --END-- [ RunTime:0.000181s ]
INFO: Run Behavior\ParseTemplateBehavior [ RunTime:0.029921s ]
INFO: [ view_parse ] --END-- [ RunTime:0.030010s ]
INFO: [ view_filter ] --START--
INFO: Run Behavior\WriteHtmlCacheBehavior [ RunTime:0.000757s ]
INFO: [ view_filter ] --END-- [ RunTime:0.000823s ]
INFO: [ app_end ] --START--
INFO: Run Behavior\ShowPageTraceBehavior [ RunTime:0.001042s ]
INFO: [ app_end ] --END-- [ RunTime:0.001114s ]

[ 2018-02-02T20:55:03+08:00 ] 127.0.0.1 /index.php/Admin/Index/top.html
INFO: [ app_init ] --START--
INFO: Run Behavior\BuildLiteBehavior [ RunTime:0.000020s ]
INFO: [ app_init ] --END-- [ RunTime:0.000809s ]
INFO: [ app_begin ] --START--
INFO: Run Behavior\ReadHtmlCacheBehavior [ RunTime:0.002080s ]
INFO: [ app_begin ] --END-- [ RunTime:0.002175s ]
INFO: [ view_parse ] --START--
INFO: [ template_filter ] --START--
INFO: Run Behavior\ContentReplaceBehavior [ RunTime:0.000093s ]
INFO: [ template_filter ] --END-- [ RunTime:0.000199s ]
INFO: Run Behavior\ParseTemplateBehavior [ RunTime:0.039419s ]
INFO: [ view_parse ] --END-- [ RunTime:0.039505s ]
INFO: [ view_filter ] --START--
INFO: Run Behavior\WriteHtmlCacheBehavior [ RunTime:0.001124s ]
INFO: [ view_filter ] --END-- [ RunTime:0.001208s ]
INFO: [ app_end ] --START--
INFO: Run Behavior\ShowPageTraceBehavior [ RunTime:0.001490s ]
INFO: [ app_end ] --END-- [ RunTime:0.001609s ]

[ 2018-02-02T20:55:17+08:00 ] 127.0.0.1 /index.php/Admin/Index/left.html
INFO: [ app_init ] --START--
INFO: Run Behavior\BuildLiteBehavior [ RunTime:0.000015s ]
INFO: [ app_init ] --END-- [ RunTime:0.000524s ]
INFO: [ app_begin ] --START--
INFO: Run Behavior\ReadHtmlCacheBehavior [ RunTime:0.001076s ]
INFO: [ app_begin ] --END-- [ RunTime:0.001160s ]
SQL: SELECT * FROM `tp_role` WHERE `role_id` = null LIMIT 1   [ RunTime:0.0005s ]
NOTIC: [2] implode(): Invalid arguments passed D:\phpStudy\WWW\tpshop\ThinkPHP\Library\Think\Db\Driver.class.php 第 578 行.
ERR: 1064:You have an error in your SQL syntax; check the manual that corresponds to your MySQL server version for the right syntax to use near ') AND `auth_pid` = 0 AND `is_menu` = 1' at line 1
 [ SQL语句 ] : SELECT * FROM `tp_auth` WHERE `auth_id` IN () AND `auth_pid` = 0 AND `is_menu` = 1 
ERR: 1064:You have an error in your SQL syntax; check the manual that corresponds to your MySQL server version for the right syntax to use near ') AND `auth_pid` = 0 AND `is_menu` = 1' at line 1
 [ SQL语句 ] : SELECT * FROM `tp_auth` WHERE `auth_id` IN () AND `auth_pid` = 0 AND `is_menu` = 1 

[ 2018-02-02T20:55:19+08:00 ] 127.0.0.1 /index.php/Admin/Index/left.html
INFO: [ app_init ] --START--
INFO: Run Behavior\BuildLiteBehavior [ RunTime:0.000034s ]
INFO: [ app_init ] --END-- [ RunTime:0.000830s ]
INFO: [ app_begin ] --START--
INFO: Run Behavior\ReadHtmlCacheBehavior [ RunTime:0.001076s ]
INFO: [ app_begin ] --END-- [ RunTime:0.001174s ]
SQL: SELECT * FROM `tp_role` WHERE `role_id` = null LIMIT 1   [ RunTime:0.0004s ]
NOTIC: [2] implode(): Invalid arguments passed D:\phpStudy\WWW\tpshop\ThinkPHP\Library\Think\Db\Driver.class.php 第 578 行.
ERR: 1064:You have an error in your SQL syntax; check the manual that corresponds to your MySQL server version for the right syntax to use near ') AND `auth_pid` = 0 AND `is_menu` = 1' at line 1
 [ SQL语句 ] : SELECT * FROM `tp_auth` WHERE `auth_id` IN () AND `auth_pid` = 0 AND `is_menu` = 1 
ERR: 1064:You have an error in your SQL syntax; check the manual that corresponds to your MySQL server version for the right syntax to use near ') AND `auth_pid` = 0 AND `is_menu` = 1' at line 1
 [ SQL语句 ] : SELECT * FROM `tp_auth` WHERE `auth_id` IN () AND `auth_pid` = 0 AND `is_menu` = 1 

[ 2018-02-02T20:55:25+08:00 ] 127.0.0.1 /index.php/Admin/Index/left.html
INFO: [ app_init ] --START--
INFO: Run Behavior\BuildLiteBehavior [ RunTime:0.000025s ]
INFO: [ app_init ] --END-- [ RunTime:0.000743s ]
INFO: [ app_begin ] --START--
INFO: Run Behavior\ReadHtmlCacheBehavior [ RunTime:0.000943s ]
INFO: [ app_begin ] --END-- [ RunTime:0.000997s ]
SQL: SELECT * FROM `tp_role` WHERE `role_id` = null LIMIT 1   [ RunTime:0.0004s ]
NOTIC: [2] implode(): Invalid arguments passed D:\phpStudy\WWW\tpshop\ThinkPHP\Library\Think\Db\Driver.class.php 第 578 行.
ERR: 1064:You have an error in your SQL syntax; check the manual that corresponds to your MySQL server version for the right syntax to use near ') AND `auth_pid` = 0 AND `is_menu` = 1' at line 1
 [ SQL语句 ] : SELECT * FROM `tp_auth` WHERE `auth_id` IN () AND `auth_pid` = 0 AND `is_menu` = 1 
ERR: 1064:You have an error in your SQL syntax; check the manual that corresponds to your MySQL server version for the right syntax to use near ') AND `auth_pid` = 0 AND `is_menu` = 1' at line 1
 [ SQL语句 ] : SELECT * FROM `tp_auth` WHERE `auth_id` IN () AND `auth_pid` = 0 AND `is_menu` = 1 

[ 2018-02-02T20:59:17+08:00 ] 127.0.0.1 /Admin/Goods
INFO: [ app_init ] --START--
INFO: Run Behavior\BuildLiteBehavior [ RunTime:0.000015s ]
INFO: [ app_init ] --END-- [ RunTime:0.000635s ]
INFO: [ app_begin ] --START--
INFO: Run Behavior\ReadHtmlCacheBehavior [ RunTime:0.001557s ]
INFO: [ app_begin ] --END-- [ RunTime:0.001669s ]
NOTIC: [2048] Declaration of Admin\Model\GoodsInfoModel::_after_update() should be compatible with Think\Model::_after_update($data, $options) D:\phpStudy\WWW\tpshop\APP13\Admin\Model\GoodsInfoModel.class.php 第 5 行.
INFO: [ view_parse ] --START--
INFO: [ template_filter ] --START--
INFO: Run Behavior\ContentReplaceBehavior [ RunTime:0.000067s ]
INFO: [ template_filter ] --END-- [ RunTime:0.000145s ]
INFO: Run Behavior\ParseTemplateBehavior [ RunTime:0.097866s ]
INFO: [ view_parse ] --END-- [ RunTime:0.098049s ]
INFO: [ view_filter ] --START--
INFO: Run Behavior\WriteHtmlCacheBehavior [ RunTime:0.000825s ]
INFO: [ view_filter ] --END-- [ RunTime:0.000867s ]

[ 2018-02-02T20:59:20+08:00 ] 127.0.0.1 /index.php/Admin/Index/login.html
INFO: [ app_init ] --START--
INFO: Run Behavior\BuildLiteBehavior [ RunTime:0.000016s ]
INFO: [ app_init ] --END-- [ RunTime:0.000666s ]
INFO: [ app_begin ] --START--
INFO: Run Behavior\ReadHtmlCacheBehavior [ RunTime:0.001018s ]
INFO: [ app_begin ] --END-- [ RunTime:0.001080s ]
INFO: [ view_parse ] --START--
INFO: [ template_filter ] --START--
INFO: Run Behavior\ContentReplaceBehavior [ RunTime:0.000061s ]
INFO: [ template_filter ] --END-- [ RunTime:0.000123s ]
INFO: Run Behavior\ParseTemplateBehavior [ RunTime:0.062587s ]
INFO: [ view_parse ] --END-- [ RunTime:0.062644s ]
INFO: [ view_filter ] --START--
INFO: Run Behavior\WriteHtmlCacheBehavior [ RunTime:0.000730s ]
INFO: [ view_filter ] --END-- [ RunTime:0.000776s ]
INFO: [ app_end ] --START--
INFO: Run Behavior\ShowPageTraceBehavior [ RunTime:0.000907s ]
INFO: [ app_end ] --END-- [ RunTime:0.000947s ]

[ 2018-02-02T20:59:20+08:00 ] 127.0.0.1 /index.php/Admin/Index/code.html
INFO: [ app_init ] --START--
INFO: Run Behavior\BuildLiteBehavior [ RunTime:0.000026s ]
INFO: [ app_init ] --END-- [ RunTime:0.000672s ]
INFO: [ app_begin ] --START--
INFO: Run Behavior\ReadHtmlCacheBehavior [ RunTime:0.001057s ]
INFO: [ app_begin ] --END-- [ RunTime:0.001120s ]
INFO: [ app_end ] --START--
INFO: Run Behavior\ShowPageTraceBehavior [ RunTime:0.001138s ]
INFO: [ app_end ] --END-- [ RunTime:0.001225s ]

[ 2018-02-02T21:29:29+08:00 ] 127.0.0.1 /Admin/goods
INFO: [ app_init ] --START--
INFO: Run Behavior\BuildLiteBehavior [ RunTime:0.000016s ]
INFO: [ app_init ] --END-- [ RunTime:0.000601s ]
INFO: [ app_begin ] --START--
INFO: Run Behavior\ReadHtmlCacheBehavior [ RunTime:0.000747s ]
INFO: [ app_begin ] --END-- [ RunTime:0.000801s ]
NOTIC: [2048] Declaration of Admin\Model\GoodsInfoModel::_after_update() should be compatible with Think\Model::_after_update($data, $options) D:\phpStudy\WWW\tpshop\APP13\Admin\Model\GoodsInfoModel.class.php 第 5 行.
INFO: [ view_parse ] --START--
INFO: [ template_filter ] --START--
INFO: Run Behavior\ContentReplaceBehavior [ RunTime:0.000048s ]
INFO: [ template_filter ] --END-- [ RunTime:0.000105s ]
INFO: Run Behavior\ParseTemplateBehavior [ RunTime:0.007042s ]
INFO: [ view_parse ] --END-- [ RunTime:0.007136s ]
INFO: [ view_filter ] --START--
INFO: Run Behavior\WriteHtmlCacheBehavior [ RunTime:0.000726s ]
INFO: [ view_filter ] --END-- [ RunTime:0.000779s ]

[ 2018-02-02T21:29:33+08:00 ] 127.0.0.1 /index.php/Admin/Index/login.html
INFO: [ app_init ] --START--
INFO: Run Behavior\BuildLiteBehavior [ RunTime:0.000014s ]
INFO: [ app_init ] --END-- [ RunTime:0.000510s ]
INFO: [ app_begin ] --START--
INFO: Run Behavior\ReadHtmlCacheBehavior [ RunTime:0.000599s ]
INFO: [ app_begin ] --END-- [ RunTime:0.000649s ]
INFO: [ view_parse ] --START--
INFO: [ template_filter ] --START--
INFO: Run Behavior\ContentReplaceBehavior [ RunTime:0.000083s ]
INFO: [ template_filter ] --END-- [ RunTime:0.000151s ]
INFO: Run Behavior\ParseTemplateBehavior [ RunTime:0.006606s ]
INFO: [ view_parse ] --END-- [ RunTime:0.006667s ]
INFO: [ view_filter ] --START--
INFO: Run Behavior\WriteHtmlCacheBehavior [ RunTime:0.000756s ]
INFO: [ view_filter ] --END-- [ RunTime:0.000828s ]
INFO: [ app_end ] --START--
INFO: Run Behavior\ShowPageTraceBehavior [ RunTime:0.001051s ]
INFO: [ app_end ] --END-- [ RunTime:0.001117s ]

[ 2018-02-02T21:29:33+08:00 ] 127.0.0.1 /index.php/Admin/Index/code.html
INFO: [ app_init ] --START--
INFO: Run Behavior\BuildLiteBehavior [ RunTime:0.000030s ]
INFO: [ app_init ] --END-- [ RunTime:0.001147s ]
INFO: [ app_begin ] --START--
INFO: Run Behavior\ReadHtmlCacheBehavior [ RunTime:0.001419s ]
INFO: [ app_begin ] --END-- [ RunTime:0.001528s ]
INFO: [ app_end ] --START--
INFO: Run Behavior\ShowPageTraceBehavior [ RunTime:0.001791s ]
INFO: [ app_end ] --END-- [ RunTime:0.001906s ]

